<?xml version="1.0" encoding="UTF-8"?>
<Site BuildName="Linux-c++"
	BuildStamp="20250415-0253-Experimental"
	Name="LAPTOP-2T448S7A"
	Generator="ctest-3.28.3"
	CompilerName="/usr/bin/c++"
	CompilerVersion="13.3.0"
	OSName="Linux"
	Hostname="LAPTOP-2T448S7A"
	OSRelease="5.15.167.4-microsoft-standard-WSL2"
	OSVersion="#1 SMP Tue Nov 5 00:21:55 UTC 2024"
	OSPlatform="x86_64"
	Is64Bits="1"
	VendorString="GenuineIntel"
	VendorID="Intel Corporation"
	FamilyID="6"
	ModelID="186"
	ProcessorCacheSize="24576"
	NumberOfLogicalCPU="8"
	NumberOfPhysicalCPU="4"
	TotalVirtualMemory="2048"
	TotalPhysicalMemory="7946"
	LogicalProcessorsPerPhysical="2"
	ProcessorClockFrequency="2918.4"
	>
	<Testing>
		<StartDateTime>Apr 15 17:04 CST</StartDateTime>
		<StartTestTime>1744707856</StartTestTime>
		<TestList/>
		<EndDateTime>Apr 15 17:04 CST</EndDateTime>
		<EndTestTime>1744707856</EndTestTime>
		<ElapsedMinutes>0</ElapsedMinutes>
	</Testing>
</Site>
